{
  "RSpec": {
    "coverage": {
      "/home/frieda/Repository/sipi/app/controllers/computer_controller.rb": [
        1,
        1,
        1,
        null,
        1,
        null,
        1,
        1,
        null,
        1,
        1,
        null,
        1,
        1,
        1,
        null,
        null,
        1,
        1,
        1,
        1,
        null,
        null,
        1,
        1,
        null,
        1,
        null,
        1,
        1,
        null,
        1,
        1,
        1,
        1,
        null,
        1,
        null,
        1,
        1,
        null,
        null,
        1,
        1,
        null,
        1,
        null,
        1,
        1,
        null,
        null
      ],
      "/home/frieda/Repository/sipi/app/controllers/laboratory_controller.rb": [
        1,
        1,
        2,
        2,
        1,
        1,
        null,
        null,
        1,
        1,
        null,
        1,
        null,
        1,
        1,
        null,
        1,
        1,
        1,
        null,
        1,
        null,
        null
      ],
      "/home/frieda/Repository/sipi/app/controllers/reservation_controller.rb": [
        1,
        1,
        1,
        1,
        null,
        null,
        null,
        null,
        null,
        1,
        null,
        1,
        1,
        1,
        1,
        null,
        null,
        null,
        null,
        null,
        null,
        1,
        null,
        1,
        1,
        1,
        null,
        null,
        1,
        2,
        null,
        2,
        null,
        2,
        2,
        2,
        2,
        null,
        1,
        1,
        null,
        null,
        1,
        null,
        null,
        2,
        null,
        null
      ],
      "/home/frieda/Repository/sipi/app/jobs/change_computer_status_job.rb": [
        1,
        1,
        null,
        1,
        1,
        null,
        null,
        null
      ],
      "/home/frieda/Repository/sipi/app/models/computer.rb": [
        1,
        1,
        1,
        1,
        null,
        1,
        2,
        null,
        null,
        null,
        1,
        1,
        null,
        null
      ],
      "/home/frieda/Repository/sipi/app/models/application_record.rb": [
        1,
        1,
        null
      ],
      "/home/frieda/Repository/sipi/app/models/laboratory.rb": [
        1,
        1,
        1,
        1,
        null
      ],
      "/home/frieda/Repository/sipi/app/models/reservation.rb": [
        1,
        1,
        null,
        1,
        1,
        null,
        1,
        3,
        null,
        null
      ],
      "/home/frieda/Repository/sipi/app/models/user.rb": [
        1,
        1,
        1,
        1,
        null
      ],
      "/home/frieda/Repository/sipi/app/services/authenticator.rb": [
        1,
        1,
        9,
        null,
        null,
        1,
        8,
        8,
        7,
        null,
        null,
        1,
        15,
        null,
        null
      ],
      "/home/frieda/Repository/sipi/app/services/registrar.rb": [
        1,
        1,
        3,
        3,
        null,
        null,
        1,
        2,
        null,
        null
      ],
      "/home/frieda/Repository/sipi/app/services/mailers.rb": [
        1,
        1,
        1,
        1,
        1,
        1,
        1,
        1,
        1,
        null,
        1,
        null,
        1,
        1,
        null,
        null
      ],
      "/home/frieda/Repository/sipi/app/mailers/users_mailer.rb": [
        null,
        null,
        null,
        null,
        null,
        null,
        null,
        null,
        null,
        null,
        null
      ],
      "/home/frieda/Repository/sipi/app/mailers/admins_mailer.rb": [
        null,
        null,
        null,
        null,
        null,
        null,
        null,
        null,
        null,
        null
      ]
    },
    "timestamp": 1526209192
  }
}
