{
  "RSpec": {
    "coverage": {
      "/home/frieda/Repository/sipi/app/mailers/admins_mailer.rb": [
        1,
        1,
        null,
        1,
        2,
        2,
        null,
        null
      ],
      "/home/frieda/Repository/sipi/app/mailers/users_mailer.rb": [
        1,
        1,
        2,
        2,
        null,
        null
      ],
      "/home/frieda/Repository/sipi/app/models/admin.rb": [
        1,
        1,
        1,
        1,
        null
      ],
      "/home/frieda/Repository/sipi/app/models/application_record.rb": [
        1,
        1,
        null
      ],
      "/home/frieda/Repository/sipi/app/models/computer.rb": [
        1,
        1,
        1,
        1,
        null
      ],
      "/home/frieda/Repository/sipi/app/models/laboratory.rb": [
        1,
        1,
        1,
        1,
        null
      ],
      "/home/frieda/Repository/sipi/app/models/user.rb": [
        1,
        1,
        1,
        1,
        null
      ],
      "/home/frieda/Repository/sipi/app/services/registrar.rb": [
        1,
        null,
        1,
        4,
        4,
        null,
        null,
        1,
        2,
        2,
        null,
        null,
        1,
        1,
        null,
        null
      ],
      "/home/frieda/Repository/sipi/app/services/reservation_updater.rb": [
        1,
        null,
        1,
        1,
        2,
        null,
        null,
        1,
        1,
        null,
        null
      ],
      "/home/frieda/Repository/sipi/app/models/reservation.rb": [
        1,
        1,
        1,
        1,
        null
      ]
    },
    "timestamp": 1521634337
  }
}
